CRITICAL - 2025-07-02 21:16:45 --> Class "CodeIgniter\Debug\Timer" not found
#0 I:\My Drive\accurate\system\Config\BaseService.php(248): CodeIgniter\Config\Services::timer(false)
#1 I:\My Drive\accurate\system\Config\BaseService.php(189): CodeIgniter\Config\BaseService::__callStatic('timer', Array)
#2 I:\My Drive\accurate\system\Config\Services.php(607): CodeIgniter\Config\BaseService::getSharedInstance('timer')
#3 I:\My Drive\accurate\system\Config\BaseService.php(248): CodeIgniter\Config\Services::timer()
#4 I:\My Drive\accurate\system\CodeIgniter.php(520): CodeIgniter\Config\BaseService::__callStatic('timer', Array)
#5 I:\My Drive\accurate\system\CodeIgniter.php(293): CodeIgniter\CodeIgniter->startBenchmark()
#6 I:\My Drive\accurate\system\CLI\Console.php(48): CodeIgniter\CodeIgniter->run()
#7 I:\My Drive\accurate\spark(63): CodeIgniter\CLI\Console->run()
#8 {main}
CRITICAL - 2025-07-02 21:53:56 --> Class "CodeIgniter\Debug\Timer" not found
#0 J:\My Drive\accurate\system\Config\BaseService.php(248): CodeIgniter\Config\Services::timer(false)
#1 J:\My Drive\accurate\system\Config\BaseService.php(189): CodeIgniter\Config\BaseService::__callStatic('timer', Array)
#2 J:\My Drive\accurate\system\Config\Services.php(607): CodeIgniter\Config\BaseService::getSharedInstance('timer')
#3 J:\My Drive\accurate\system\Config\BaseService.php(248): CodeIgniter\Config\Services::timer()
#4 J:\My Drive\accurate\system\CodeIgniter.php(520): CodeIgniter\Config\BaseService::__callStatic('timer', Array)
#5 J:\My Drive\accurate\system\CodeIgniter.php(293): CodeIgniter\CodeIgniter->startBenchmark()
#6 J:\My Drive\accurate\system\CLI\Console.php(48): CodeIgniter\CodeIgniter->run()
#7 J:\My Drive\accurate\spark(63): CodeIgniter\CLI\Console->run()
#8 {main}
