ERROR - 2025-09-10 19:08:40 --> Duplicate entry 'apel' for key 'username'
ERROR - 2025-09-10 19:22:14 --> Unknown column 'so.id_paket' in 'WHERE'
CRITICAL - 2025-09-10 19:22:14 --> Call to a member function getResult() on bool
#0 /home/permat43/mey.rplsph.my.id/hello/system/CodeIgniter.php(832): App\Controllers\Olimpiade\Riwayat->detail()
#1 /home/permat43/mey.rplsph.my.id/hello/system/CodeIgniter.php(419): CodeIgniter\CodeIgniter->runController()
#2 /home/permat43/mey.rplsph.my.id/hello/system/CodeIgniter.php(326): CodeIgniter\CodeIgniter->handleRequest()
#3 /home/permat43/mey.rplsph.my.id/index.php(37): CodeIgniter\CodeIgniter->run()
#4 {main}
ERROR - 2025-09-10 19:22:19 --> Unknown column 'so.id_paket' in 'WHERE'
CRITICAL - 2025-09-10 19:22:19 --> Call to a member function getResult() on bool
#0 /home/permat43/mey.rplsph.my.id/hello/system/CodeIgniter.php(832): App\Controllers\Olimpiade\Riwayat->detail()
#1 /home/permat43/mey.rplsph.my.id/hello/system/CodeIgniter.php(419): CodeIgniter\CodeIgniter->runController()
#2 /home/permat43/mey.rplsph.my.id/hello/system/CodeIgniter.php(326): CodeIgniter\CodeIgniter->handleRequest()
#3 /home/permat43/mey.rplsph.my.id/index.php(37): CodeIgniter\CodeIgniter->run()
#4 {main}
ERROR - 2025-09-10 19:22:33 --> Unknown column 'so.id_paket' in 'WHERE'
CRITICAL - 2025-09-10 19:22:33 --> Call to a member function getResult() on bool
#0 /home/permat43/mey.rplsph.my.id/hello/system/CodeIgniter.php(832): App\Controllers\Olimpiade\Riwayat->detail()
#1 /home/permat43/mey.rplsph.my.id/hello/system/CodeIgniter.php(419): CodeIgniter\CodeIgniter->runController()
#2 /home/permat43/mey.rplsph.my.id/hello/system/CodeIgniter.php(326): CodeIgniter\CodeIgniter->handleRequest()
#3 /home/permat43/mey.rplsph.my.id/index.php(37): CodeIgniter\CodeIgniter->run()
#4 {main}
ERROR - 2025-09-10 19:28:52 --> Unknown column 'so.id_paket' in 'ON'
CRITICAL - 2025-09-10 19:28:52 --> Call to a member function getResultArray() on bool
#0 /home/permat43/mey.rplsph.my.id/hello/system/CodeIgniter.php(832): App\Controllers\Olimpiade\Riwayat->pengerjaan()
#1 /home/permat43/mey.rplsph.my.id/hello/system/CodeIgniter.php(419): CodeIgniter\CodeIgniter->runController()
#2 /home/permat43/mey.rplsph.my.id/hello/system/CodeIgniter.php(326): CodeIgniter\CodeIgniter->handleRequest()
#3 /home/permat43/mey.rplsph.my.id/index.php(37): CodeIgniter\CodeIgniter->run()
#4 {main}
ERROR - 2025-09-10 19:29:11 --> Unknown column 'so.id_paket' in 'ON'
CRITICAL - 2025-09-10 19:29:11 --> Call to a member function getResultArray() on bool
#0 /home/permat43/mey.rplsph.my.id/hello/system/CodeIgniter.php(832): App\Controllers\Olimpiade\Riwayat->pengerjaan()
#1 /home/permat43/mey.rplsph.my.id/hello/system/CodeIgniter.php(419): CodeIgniter\CodeIgniter->runController()
#2 /home/permat43/mey.rplsph.my.id/hello/system/CodeIgniter.php(326): CodeIgniter\CodeIgniter->handleRequest()
#3 /home/permat43/mey.rplsph.my.id/index.php(37): CodeIgniter\CodeIgniter->run()
#4 {main}
ERROR - 2025-09-10 19:30:00 --> Unknown column 'so.id_paket' in 'ON'
CRITICAL - 2025-09-10 19:30:00 --> Call to a member function getResultArray() on bool
#0 /home/permat43/mey.rplsph.my.id/hello/system/CodeIgniter.php(832): App\Controllers\Olimpiade\Riwayat->pengerjaan()
#1 /home/permat43/mey.rplsph.my.id/hello/system/CodeIgniter.php(419): CodeIgniter\CodeIgniter->runController()
#2 /home/permat43/mey.rplsph.my.id/hello/system/CodeIgniter.php(326): CodeIgniter\CodeIgniter->handleRequest()
#3 /home/permat43/mey.rplsph.my.id/index.php(37): CodeIgniter\CodeIgniter->run()
#4 {main}
ERROR - 2025-09-10 19:34:01 --> Unknown column 'so.id_paket' in 'ON'
CRITICAL - 2025-09-10 19:34:01 --> Call to a member function getResultArray() on bool
#0 /home/permat43/mey.rplsph.my.id/hello/system/CodeIgniter.php(832): App\Controllers\Olimpiade\Riwayat->pengerjaan()
#1 /home/permat43/mey.rplsph.my.id/hello/system/CodeIgniter.php(419): CodeIgniter\CodeIgniter->runController()
#2 /home/permat43/mey.rplsph.my.id/hello/system/CodeIgniter.php(326): CodeIgniter\CodeIgniter->handleRequest()
#3 /home/permat43/mey.rplsph.my.id/index.php(37): CodeIgniter\CodeIgniter->run()
#4 {main}
